# JRE version: Java(TM) SE Runtime Environment (8.0_144-b01) (build 1.8.0_144-b01)
# Java VM: Java HotSpot(TM) 64-Bit Server VM (25.144-b01 mixed mode windows-amd64 compressed oops)
Heap:
 PSYoungGen      total 280576K, used 174196K [0x000000076af00000, 0x000000077d500000, 0x00000007c0000000)
  eden space 267776K, 65% used [0x000000076af00000,0x000000077591d360,0x000000077b480000)
  from space 12800K, 0% used [0x000000077b480000,0x000000077b480000,0x000000077c100000)
  to   space 12800K, 0% used [0x000000077c100000,0x000000077c100000,0x000000077cd80000)
 ParOldGen       total 112128K, used 111880K [0x00000006c0c00000, 0x00000006c7980000, 0x000000076af00000)
  object space 112128K, 99% used [0x00000006c0c00000,0x00000006c7942380,0x00000006c7980000)
 Metaspace       used 44081K, capacity 44572K, committed 44800K, reserved 1087488K
  class space    used 5937K, capacity 6072K, committed 6144K, reserved 1048576K
GC Heap History (10 events):
Event: 11.181 GC heap before
{Heap before GC invocations=60 (full 35):
 PSYoungGen      total 280576K, used 267776K [0x000000076af00000, 0x000000077d500000, 0x00000007c0000000)
  eden space 267776K, 100% used [0x000000076af00000,0x000000077b480000,0x000000077b480000)
  from space 12800K, 0% used [0x000000077b480000,0x000000077b480000,0x000000077c100000)
  to   space 12800K, 0% used [0x000000077c100000,0x000000077c100000,0x000000077cd80000)
 ParOldGen       total 112128K, used 111928K [0x00000006c0c00000, 0x00000006c7980000, 0x000000076af00000)
  object space 112128K, 99% used [0x00000006c0c00000,0x00000006c794e118,0x00000006c7980000)
 Metaspace       used 37307K, capacity 37762K, committed 38016K, reserved 1081344K
  class space    used 5366K, capacity 5481K, committed 5504K, reserved 1048576K
Event: 11.223 GC heap after
Heap after GC invocations=60 (full 35):
 PSYoungGen      total 280576K, used 146187K [0x000000076af00000, 0x000000077d500000, 0x00000007c0000000)
  eden space 267776K, 54% used [0x000000076af00000,0x0000000773dc2c00,0x000000077b480000)
  from space 12800K, 0% used [0x000000077b480000,0x000000077b480000,0x000000077c100000)
  to   space 12800K, 0% used [0x000000077c100000,0x000000077c100000,0x000000077cd80000)
 ParOldGen       total 112128K, used 111928K [0x00000006c0c00000, 0x00000006c7980000, 0x000000076af00000)
  object space 112128K, 99% used [0x00000006c0c00000,0x00000006c794e118,0x00000006c7980000)
 Metaspace       used 37307K, capacity 37762K, committed 38016K, reserved 1081344K
  class space    used 5366K, capacity 5481K, committed 5504K, reserved 1048576K
}
Event: 11.276 GC heap before
{Heap before GC invocations=61 (full 36):
 PSYoungGen      total 280576K, used 267776K [0x000000076af00000, 0x000000077d500000, 0x00000007c0000000)
  eden space 267776K, 100% used [0x000000076af00000,0x000000077b480000,0x000000077b480000)
  from space 12800K, 0% used [0x000000077b480000,0x000000077b480000,0x000000077c100000)
  to   space 12800K, 0% used [0x000000077c100000,0x000000077c100000,0x000000077cd80000)
 ParOldGen       total 112128K, used 111928K [0x00000006c0c00000, 0x00000006c7980000, 0x000000076af00000)
  object space 112128K, 99% used [0x00000006c0c00000,0x00000006c794e118,0x00000006c7980000)
 Metaspace       used 37307K, capacity 37762K, committed 38016K, reserved 1081344K
  class space    used 5366K, capacity 5481K, committed 5504K, reserved 1048576K
Event: 11.316 GC heap after
Heap after GC invocations=61 (full 36):
 PSYoungGen      total 280576K, used 149325K [0x000000076af00000, 0x000000077d500000, 0x00000007c0000000)
  eden space 267776K, 55% used [0x000000076af00000,0x00000007740d3610,0x000000077b480000)
  from space 12800K, 0% used [0x000000077b480000,0x000000077b480000,0x000000077c100000)
  to   space 12800K, 0% used [0x000000077c100000,0x000000077c100000,0x000000077cd80000)
 ParOldGen       total 112128K, used 111928K [0x00000006c0c00000, 0x00000006c7980000, 0x000000076af00000)
  object space 112128K, 99% used [0x00000006c0c00000,0x00000006c794e118,0x00000006c7980000)
 Metaspace       used 37307K, capacity 37762K, committed 38016K, reserved 1081344K
  class space    used 5366K, capacity 5481K, committed 5504K, reserved 1048576K
}
Event: 11.382 GC heap before
{Heap before GC invocations=62 (full 37):
 PSYoungGen      total 280576K, used 267776K [0x000000076af00000, 0x000000077d500000, 0x00000007c0000000)
  eden space 267776K, 100% used [0x000000076af00000,0x000000077b480000,0x000000077b480000)
  from space 12800K, 0% used [0x000000077b480000,0x000000077b480000,0x000000077c100000)
  to   space 12800K, 0% used [0x000000077c100000,0x000000077c100000,0x000000077cd80000)
 ParOldGen       total 112128K, used 111928K [0x00000006c0c00000, 0x00000006c7980000, 0x000000076af00000)
  object space 112128K, 99% used [0x00000006c0c00000,0x00000006c794e118,0x00000006c7980000)
 Metaspace       used 37307K, capacity 37762K, committed 38016K, reserved 1081344K
  class space    used 5366K, capacity 5481K, committed 5504K, reserved 1048576K
Event: 11.427 GC heap after
Heap after GC invocations=62 (full 37):
 PSYoungGen      total 280576K, used 152286K [0x000000076af00000, 0x000000077d500000, 0x00000007c0000000)
  eden space 267776K, 56% used [0x000000076af00000,0x00000007743b7968,0x000000077b480000)
  from space 12800K, 0% used [0x000000077b480000,0x000000077b480000,0x000000077c100000)
  to   space 12800K, 0% used [0x000000077c100000,0x000000077c100000,0x000000077cd80000)
 ParOldGen       total 112128K, used 111928K [0x00000006c0c00000, 0x00000006c7980000, 0x000000076af00000)
  object space 112128K, 99% used [0x00000006c0c00000,0x00000006c794e118,0x00000006c7980000)
 Metaspace       used 37307K, capacity 37762K, committed 38016K, reserved 1081344K
  class space    used 5366K, capacity 5481K, committed 5504K, reserved 1048576K
}
Event: 11.487 GC heap before
{Heap before GC invocations=63 (full 38):
 PSYoungGen      total 280576K, used 267776K [0x000000076af00000, 0x000000077d500000, 0x00000007c0000000)
  eden space 267776K, 100% used [0x000000076af00000,0x000000077b480000,0x000000077b480000)
  from space 12800K, 0% used [0x000000077b480000,0x000000077b480000,0x000000077c100000)
  to   space 12800K, 0% used [0x000000077c100000,0x000000077c100000,0x000000077cd80000)
 ParOldGen       total 112128K, used 111928K [0x00000006c0c00000, 0x00000006c7980000, 0x000000076af00000)
  object space 112128K, 99% used [0x00000006c0c00000,0x00000006c794e118,0x00000006c7980000)
 Metaspace       used 37307K, capacity 37762K, committed 38016K, reserved 1081344K
  class space    used 5366K, capacity 5481K, committed 5504K, reserved 1048576K
Event: 11.541 GC heap after
Heap after GC invocations=63 (full 38):
 PSYoungGen      total 280576K, used 155231K [0x000000076af00000, 0x000000077d500000, 0x00000007c0000000)
  eden space 267776K, 57% used [0x000000076af00000,0x0000000774697e50,0x000000077b480000)
  from space 12800K, 0% used [0x000000077b480000,0x000000077b480000,0x000000077c100000)
  to   space 12800K, 0% used [0x000000077c100000,0x000000077c100000,0x000000077cd80000)
 ParOldGen       total 112128K, used 111928K [0x00000006c0c00000, 0x00000006c7980000, 0x000000076af00000)
  object space 112128K, 99% used [0x00000006c0c00000,0x00000006c794e118,0x00000006c7980000)
 Metaspace       used 37307K, capacity 37762K, committed 38016K, reserved 1081344K
  class space    used 5366K, capacity 5481K, committed 5504K, reserved 1048576K
}
Event: 15.697 GC heap before
{Heap before GC invocations=64 (full 39):
 PSYoungGen      total 280576K, used 267776K [0x000000076af00000, 0x000000077d500000, 0x00000007c0000000)
  eden space 267776K, 100% used [0x000000076af00000,0x000000077b480000,0x000000077b480000)
  from space 12800K, 0% used [0x000000077b480000,0x000000077b480000,0x000000077c100000)
  to   space 12800K, 0% used [0x000000077c100000,0x000000077c100000,0x000000077cd80000)
 ParOldGen       total 112128K, used 111928K [0x00000006c0c00000, 0x00000006c7980000, 0x000000076af00000)
  object space 112128K, 99% used [0x00000006c0c00000,0x00000006c794e118,0x00000006c7980000)
 Metaspace       used 43888K, capacity 44342K, committed 44544K, reserved 1087488K
  class space    used 5924K, capacity 6039K, committed 6144K, reserved 1048576K
Event: 15.794 GC heap after
Heap after GC invocations=64 (full 39):
 PSYoungGen      total 280576K, used 162409K [0x000000076af00000, 0x000000077d500000, 0x00000007c0000000)
  eden space 267776K, 60% used [0x000000076af00000,0x0000000774d9a4c0,0x000000077b480000)
  from space 12800K, 0% used [0x000000077b480000,0x000000077b480000,0x000000077c100000)
  to   space 12800K, 0% used [0x000000077c100000,0x000000077c100000,0x000000077cd80000)
 ParOldGen       total 112128K, used 111880K [0x00000006c0c00000, 0x00000006c7980000, 0x000000076af00000)
  object space 112128K, 99% used [0x00000006c0c00000,0x00000006c7942380,0x00000006c7980000)
 Metaspace       used 43888K, capacity 44342K, committed 44544K, reserved 1087488K
  class space    used 5924K, capacity 6039K, committed 6144K, reserved 1048576K
}

